<?xml version="1.0" encoding="UTF-8"?>
<!-- Generated by org.testng.reporters.JUnitReportReporter -->
<testsuite hostname="DESKTOP-LNT56P9" failures="0" tests="1" name="com.actitime.testscript.CustomerModule" time="31.757" errors="0" timestamp="2023-07-25T22:08:55 IST" skipped="0">
  <testcase classname="com.actitime.testscript.CustomerModule" name="testCreateCustomer" time="31.757">
    <system-out>
      <![CDATA[Create Customer]]>
    </system-out>
  </testcase> <!-- testCreateCustomer -->
  <system-out>
    <![CDATA[Open Browser
Login
company selected
Create Customer
Logout
Close Browser]]>
  </system-out>
</testsuite> <!-- com.actitime.testscript.CustomerModule -->
