<?xml version="1.0" encoding="UTF-8"?>
<!-- Generated by org.testng.reporters.JUnitReportReporter -->
<testsuite hostname="DESKTOP-LNT56P9" failures="0" tests="1" name="com.actitime.testscript.CustomerModule" time="29.629" errors="0" timestamp="2023-08-15T23:03:35 IST" skipped="0">
  <testcase classname="com.actitime.testscript.CustomerModule" name="testCreateCustomer" time="29.629">
    <system-out>
      <![CDATA[Create Customer
company selected]]>
    </system-out>
  </testcase> <!-- testCreateCustomer -->
  <system-out>
    <![CDATA[Open Browser
Login
Create Customer
company selected
Logout
Close Browser]]>
  </system-out>
</testsuite> <!-- com.actitime.testscript.CustomerModule -->
